
[2K[1G[1myarn run v1.22.19[22m
[2K[1G[33mwarning[39m package.json: No license field
[2K[1G[33mwarning[39m package.json: "dependencies" has dependency "autoprefixer" with range "^10.4.21" that collides with a dependency in "devDependencies" of the same name with version "^10.4.14"
[2K[1G[2m$ next build[22m
  [1m[38;2;173;127;168m▲ Next.js 14.2.15[39m[22m
  - Environments: .env

[?25l [37m[1m [22m[39m Linting and checking validity of types  [36m.[39m[2K[1G [37m[1m [22m[39m Linting and checking validity of types  [36m..[39m[2K[1G [37m[1m [22m[39m Linting and checking validity of types  [36m...[39m[2K[1G [37m[1m [22m[39m Linting and checking validity of types  [36m.[39m[2K[1G [37m[1m [22m[39m Linting and checking validity of types  [36m..[39m[2K[1G [37m[1m [22m[39m Linting and checking validity of types  [36m...[39m[2K[1G [37m[1m [22m[39m Linting and checking validity of types  [36m.[39m[2K[1G [37m[1m [22m[39m Linting and checking validity of types  [36m..[39m[2K[1G [37m[1m [22m[39m Linting and checking validity of types  [36m...[39m[2K[1G [37m[1m [22m[39m Linting and checking validity of types  [36m.[39m[2K[1G [37m[1m [22m[39m Linting and checking validity of types  [36m..[39m[2K[1G [37m[1m [22m[39m Linting and checking validity of types  [36m...[39m[2K[1G [37m[1m [22m[39m Linting and checking validity of types  [36m.[39m[2K[1G [37m[1m [22m[39m Linting and checking validity of types  [36m..[39m[2K[1G [37m[1m [22m[39m Linting and checking validity of types  [36m...[39m[2K[1G [37m[1m [22m[39m Linting and checking validity of types  [36m.[39m[2K[1G [37m[1m [22m[39m Linting and checking validity of types  [36m..[39m[2K[1G [37m[1m [22m[39m Linting and checking validity of types  [36m...[39m[2K[1G [37m[1m [22m[39m Linting and checking validity of types  [36m.[39m[2K[1G [37m[1m [22m[39m Linting and checking validity of types  [36m..[39m[2K[1G [37m[1m [22m[39m Linting and checking validity of types  [36m...[39m[2K[1G [37m[1m [22m[39m Linting and checking validity of types  [36m.[39m[2K[1G [37m[1m [22m[39m Linting and checking validity of types  [36m..[39m[2K[1G [37m[1m [22m[39m Linting and checking validity of types  [36m...[39m[2K[1G [37m[1m [22m[39m Linting and checking validity of types  [36m.[39m[2K[1G [37m[1m [22m[39m Linting and checking validity of types  [36m..[39m[2K[1G [37m[1m [22m[39m Linting and checking validity of types  [36m...[39m[2K[1G [37m[1m [22m[39m Linting and checking validity of types  [36m.[39m[2K[1G [37m[1m [22m[39m Linting and checking validity of types  [36m..[39m[2K[1G [37m[1m [22m[39m Linting and checking validity of types  [36m...[39m[2K[1G [37m[1m [22m[39m Linting and checking validity of types  [36m.[39m[2K[1G [37m[1m [22m[39m Linting and checking validity of types  [36m..[39m[2K[1G [37m[1m [22m[39m Linting and checking validity of types  [36m...[39m[2K[1G [37m[1m [22m[39m Linting and checking validity of types  [36m.[39m[2K[1G [37m[1m [22m[39m Linting and checking validity of types  [36m..[39m[2K[1G [37m[1m [22m[39m Linting and checking validity of types  [36m...[39m[2K[1G [37m[1m [22m[39m Linting and checking validity of types  [36m.[39m[2K[1G[?25h
[36m./src/components/demo/evm.tsx[39m
[33m27[39m:[33m6[39m  [33m[1mWarning[22m[39m: React Hook useEffect has a missing dependency: 'setERC4337'. Either include it or remove the dependency array.  [90m[1mreact-hooks/exhaustive-deps[22m[39m

[36m./src/features/airtime/index.tsx[39m
[33m87[39m:[33m11[39m  [33m[1mWarning[22m[39m: Unexpected console statement.  [90m[1mno-console[22m[39m

[36m./src/lib/baseUtils.ts[39m
[33m23[39m:[33m5[39m  [33m[1mWarning[22m[39m: Unexpected console statement.  [90m[1mno-console[22m[39m
[33m25[39m:[33m5[39m  [33m[1mWarning[22m[39m: Unexpected console statement.  [90m[1mno-console[22m[39m

[36m./src/lib/telegram/init.ts[39m
[33m42[39m:[33m68[39m  [33m[1mWarning[22m[39m: Unexpected console statement.  [90m[1mno-console[22m[39m

[36minfo[39m  - Need to disable some ESLint rules? Learn more here: https://nextjs.org/docs/basic-features/eslint#disabling-rules
[?25l [37m[1m [22m[39m Linting and checking validity of types  [36m.[39m[2K[1G[?25h [37m[1m [22m[39m Linting and checking validity of types     [32m[1m✓[22m[39m Linting and checking validity of types 
 [37m[1m [22m[39m Creating an optimized production build ...
 ⚠ Compiled with warnings

../../node_modules/@mento-protocol/mento-sdk/dist/esm/ChainClient.js
Attempted import error: 'providers' is not exported from 'ethers' (imported as 'providers').

Import trace for requested module:
../../node_modules/@mento-protocol/mento-sdk/dist/esm/ChainClient.js
../../node_modules/@mento-protocol/mento-sdk/dist/esm/governance.js
../../node_modules/@mento-protocol/mento-sdk/dist/esm/index.js
./src/features/sdk.ts
./src/lib/config/tokens.ts
./src/lib/zustand/swap.ts
./src/lib/zustand/index.ts
./src/components/wrapper/Drawer.tsx
./src/components/wrapper/Wrapper.tsx

../../node_modules/@mento-protocol/mento-sdk/dist/esm/governance.js
Attempted import error: 'Signer' is not exported from 'ethers' (imported as 'Signer').

Import trace for requested module:
../../node_modules/@mento-protocol/mento-sdk/dist/esm/governance.js
../../node_modules/@mento-protocol/mento-sdk/dist/esm/index.js
./src/features/sdk.ts
./src/lib/config/tokens.ts
./src/lib/zustand/swap.ts
./src/lib/zustand/index.ts
./src/components/wrapper/Drawer.tsx
./src/components/wrapper/Wrapper.tsx

../../node_modules/@mento-protocol/mento-sdk/dist/esm/limits.js
Attempted import error: 'utils' is not exported from 'ethers' (imported as 'utils').

Import trace for requested module:
../../node_modules/@mento-protocol/mento-sdk/dist/esm/limits.js
../../node_modules/@mento-protocol/mento-sdk/dist/esm/mento.js
../../node_modules/@mento-protocol/mento-sdk/dist/esm/index.js
./src/features/sdk.ts
./src/lib/config/tokens.ts
./src/lib/zustand/swap.ts
./src/lib/zustand/index.ts
./src/components/wrapper/Drawer.tsx
./src/components/wrapper/Wrapper.tsx

../../node_modules/@mento-protocol/mento-sdk/dist/esm/limits.js
Attempted import error: 'utils' is not exported from 'ethers' (imported as 'utils').

Import trace for requested module:
../../node_modules/@mento-protocol/mento-sdk/dist/esm/limits.js
../../node_modules/@mento-protocol/mento-sdk/dist/esm/mento.js
../../node_modules/@mento-protocol/mento-sdk/dist/esm/index.js
./src/features/sdk.ts
./src/lib/config/tokens.ts
./src/lib/zustand/swap.ts
./src/lib/zustand/index.ts
./src/components/wrapper/Drawer.tsx
./src/components/wrapper/Wrapper.tsx

../../node_modules/@mento-protocol/mento-sdk/dist/esm/mento.js
Attempted import error: 'Signer' is not exported from 'ethers' (imported as 'Signer').

Import trace for requested module:
../../node_modules/@mento-protocol/mento-sdk/dist/esm/mento.js
../../node_modules/@mento-protocol/mento-sdk/dist/esm/index.js
./src/features/sdk.ts
./src/lib/config/tokens.ts
./src/lib/zustand/swap.ts
./src/lib/zustand/index.ts
./src/components/wrapper/Drawer.tsx
./src/components/wrapper/Wrapper.tsx

../../node_modules/@mento-protocol/mento-sdk/dist/esm/mento.js
Attempted import error: 'Signer' is not exported from 'ethers' (imported as 'Signer').

Import trace for requested module:
../../node_modules/@mento-protocol/mento-sdk/dist/esm/mento.js
../../node_modules/@mento-protocol/mento-sdk/dist/esm/index.js
./src/features/sdk.ts
./src/lib/config/tokens.ts
./src/lib/zustand/swap.ts
./src/lib/zustand/index.ts
./src/components/wrapper/Drawer.tsx
./src/components/wrapper/Wrapper.tsx

../../node_modules/@mento-protocol/mento-sdk/dist/esm/mento.js
Attempted import error: 'Signer' is not exported from 'ethers' (imported as 'Signer').

Import trace for requested module:
../../node_modules/@mento-protocol/mento-sdk/dist/esm/mento.js
../../node_modules/@mento-protocol/mento-sdk/dist/esm/index.js
./src/features/sdk.ts
./src/lib/config/tokens.ts
./src/lib/zustand/swap.ts
./src/lib/zustand/index.ts
./src/components/wrapper/Drawer.tsx
./src/components/wrapper/Wrapper.tsx

../../node_modules/@mento-protocol/mento-sdk/dist/esm/utils.js
Attempted import error: 'Signer' is not exported from 'ethers' (imported as 'Signer').

Import trace for requested module:
../../node_modules/@mento-protocol/mento-sdk/dist/esm/utils.js
../../node_modules/@mento-protocol/mento-sdk/dist/esm/index.js
./src/features/sdk.ts
./src/lib/config/tokens.ts
./src/lib/zustand/swap.ts
./src/lib/zustand/index.ts
./src/components/wrapper/Drawer.tsx
./src/components/wrapper/Wrapper.tsx

../../node_modules/@mento-protocol/mento-sdk/dist/esm/utils.js
Attempted import error: 'Signer' is not exported from 'ethers' (imported as 'Signer').

Import trace for requested module:
../../node_modules/@mento-protocol/mento-sdk/dist/esm/utils.js
../../node_modules/@mento-protocol/mento-sdk/dist/esm/index.js
./src/features/sdk.ts
./src/lib/config/tokens.ts
./src/lib/zustand/swap.ts
./src/lib/zustand/index.ts
./src/components/wrapper/Drawer.tsx
./src/components/wrapper/Wrapper.tsx

../../node_modules/@mento-protocol/mento-sdk/dist/esm/utils.js
Attempted import error: 'providers' is not exported from 'ethers' (imported as 'providers').

Import trace for requested module:
../../node_modules/@mento-protocol/mento-sdk/dist/esm/utils.js
../../node_modules/@mento-protocol/mento-sdk/dist/esm/index.js
./src/features/sdk.ts
./src/lib/config/tokens.ts
./src/lib/zustand/swap.ts
./src/lib/zustand/index.ts
./src/components/wrapper/Drawer.tsx
./src/components/wrapper/Wrapper.tsx

 [32m[1m✓[22m[39m Compiled successfully
[?25l [37m[1m [22m[39m Collecting page data  [36m.[39m[2K[1G [37m[1m [22m[39m Collecting page data  [36m..[39m[2K[1G [37m[1m [22m[39m Collecting page data  [36m...[39m[2K[1G [37m[1m [22m[39m Collecting page data  [36m.[39m[2K[1G [37m[1m [22m[39m Collecting page data  [36m..[39m[2K[1G [37m[1m [22m[39m Collecting page data  [36m...[39m[2K[1G [37m[1m [22m[39m Collecting page data  [36m.[39m[2K[1G [37m[1m [22m[39m Collecting page data  [36m..[39m[2K[1G [37m[1m [22m[39m Collecting page data  [36m...[39m[2K[1G [37m[1m [22m[39m Collecting page data  [36m.[39m[2K[1G [37m[1m [22m[39m Collecting page data  [36m..[39m[2K[1G [37m[1m [22m[39m Collecting page data  [36m...[39m[2K[1G [37m[1m [22m[39m Collecting page data  [36m.[39m[2K[1G [37m[1m [22m[39m Collecting page data  [36m..[39m[2K[1G [37m[1m [22m[39m Collecting page data  [36m...[39m[2K[1G [37m[1m [22m[39m Collecting page data  [36m.[39m[2K[1G [37m[1m [22m[39m Collecting page data  [36m..[39m[2K[1G [37m[1m [22m[39m Collecting page data  [36m...[39m[2K[1G [37m[1m [22m[39m Collecting page data  [36m.[39m[2K[1G [37m[1m [22m[39m Collecting page data  [36m..[39m[2K[1G [37m[1m [22m[39m Collecting page data  [36m...[39m[2K[1G [37m[1m [22m[39m Collecting page data  [36m.[39m[2K[1G [37m[1m [22m[39m Collecting page data  [36m..[39m[2K[1G [37m[1m [22m[39m Collecting page data  [36m...[39m[2K[1G [37m[1m [22m[39m Collecting page data  [36m.[39m[2K[1G [37m[1m [22m[39m Collecting page data  [36m..[39m[2K[1G [37m[1m [22m[39m Collecting page data  [36m...[39m[2K[1G [37m[1m [22m[39m Collecting page data  [36m.[39m[2K[1G [37m[1m [22m[39m Collecting page data  [36m..[39m[2K[1G [37m[1m [22m[39m Collecting page data  [36m...[39m[2K[1G [37m[1m [22m[39m Collecting page data  [36m.[39m[2K[1G [37m[1m [22m[39m Collecting page data  [36m..[39m[2K[1G[?25h [37m[1m [22m[39m Collecting page data     [32m[1m✓[22m[39m Collecting page data 
[?25l [37m[1m [22m[39m Generating static pages (0/13)  [36m[    ][39m[2K[1G [37m[1m [22m[39m Generating static pages (7/13)  [36m[=   ][39m[2K[1G[?25h [32m[1m✓[22m[39m Generating static pages (13/13)
[?25l [37m[1m [22m[39m Finalizing page optimization  [36m.[39m[?25l [37m[1m [22m[39m Collecting build traces  [36m.[39m[2K[1G [37m[1m [22m[39m Finalizing page optimization  [36m..[39m[2K[1G [37m[1m [22m[39m Collecting build traces  [36m..[39m[2K[1G [37m[1m [22m[39m Finalizing page optimization  [36m...[39m[2K[1G [37m[1m [22m[39m Collecting build traces  [36m...[39m[2K[1G [37m[1m [22m[39m Finalizing page optimization  [36m.[39m[2K[1G [37m[1m [22m[39m Collecting build traces  [36m.[39m[2K[1G [37m[1m [22m[39m Finalizing page optimization  [36m..[39m[2K[1G [37m[1m [22m[39m Collecting build traces  [36m..[39m[2K[1G [37m[1m [22m[39m Finalizing page optimization  [36m...[39m[2K[1G [37m[1m [22m[39m Collecting build traces  [36m...[39m[2K[1G [37m[1m [22m[39m Finalizing page optimization  [36m.[39m[2K[1G [37m[1m [22m[39m Collecting build traces  [36m.[39m[2K[1G [37m[1m [22m[39m Finalizing page optimization  [36m..[39m[2K[1G [37m[1m [22m[39m Collecting build traces  [36m..[39m[2K[1G [37m[1m [22m[39m Finalizing page optimization  [36m...[39m[2K[1G [37m[1m [22m[39m Collecting build traces  [36m...[39m[2K[1G [37m[1m [22m[39m Finalizing page optimization  [36m.[39m[2K[1G [37m[1m [22m[39m Collecting build traces  [36m.[39m[2K[1G [37m[1m [22m[39m Finalizing page optimization  [36m..[39m[2K[1G [37m[1m [22m[39m Collecting build traces  [36m..[39m[2K[1G [37m[1m [22m[39m Finalizing page optimization  [36m...[39m[2K[1G [37m[1m [22m[39m Collecting build traces  [36m...[39m[2K[1G [37m[1m [22m[39m Finalizing page optimization  [36m.[39m[2K[1G [37m[1m [22m[39m Collecting build traces  [36m.[39m[2K[1G [37m[1m [22m[39m Finalizing page optimization  [36m..[39m[2K[1G [37m[1m [22m[39m Collecting build traces  [36m..[39m[2K[1G [37m[1m [22m[39m Finalizing page optimization  [36m...[39m[2K[1G [37m[1m [22m[39m Collecting build traces  [36m...[39m[2K[1G [37m[1m [22m[39m Finalizing page optimization  [36m.[39m[2K[1G [37m[1m [22m[39m Collecting build traces  [36m.[39m[2K[1G [37m[1m [22m[39m Finalizing page optimization  [36m..[39m[2K[1G [37m[1m [22m[39m Collecting build traces  [36m..[39m[2K[1G [37m[1m [22m[39m Finalizing page optimization  [36m...[39m[2K[1G [37m[1m [22m[39m Collecting build traces  [36m...[39m[2K[1G [37m[1m [22m[39m Finalizing page optimization  [36m.[39m[2K[1G [37m[1m [22m[39m Collecting build traces  [36m.[39m[2K[1G [37m[1m [22m[39m Finalizing page optimization  [36m..[39m[2K[1G [37m[1m [22m[39m Collecting build traces  [36m..[39m[2K[1G [37m[1m [22m[39m Finalizing page optimization  [36m...[39m[2K[1G [37m[1m [22m[39m Collecting build traces  [36m...[39m[2K[1G [37m[1m [22m[39m Finalizing page optimization  [36m.[39m[2K[1G [37m[1m [22m[39m Collecting build traces  [36m.[39m[2K[1G [37m[1m [22m[39m Finalizing page optimization  [36m..[39m[2K[1G [37m[1m [22m[39m Collecting build traces  [36m..[39m[2K[1G [37m[1m [22m[39m Finalizing page optimization  [36m...[39m[2K[1G [37m[1m [22m[39m Collecting build traces  [36m...[39m[2K[1G [37m[1m [22m[39m Finalizing page optimization  [36m.[39m[2K[1G [37m[1m [22m[39m Collecting build traces  [36m.[39m[2K[1G [37m[1m [22m[39m Finalizing page optimization  [36m..[39m[2K[1G [37m[1m [22m[39m Collecting build traces  [36m..[39m[2K[1G [37m[1m [22m[39m Finalizing page optimization  [36m...[39m[2K[1G [37m[1m [22m[39m Collecting build traces  [36m...[39m[2K[1G [37m[1m [22m[39m Finalizing page optimization  [36m.[39m[2K[1G [37m[1m [22m[39m Collecting build traces  [36m.[39m[2K[1G [37m[1m [22m[39m Finalizing page optimization  [36m..[39m[2K[1G [37m[1m [22m[39m Collecting build traces  [36m..[39m[2K[1G [37m[1m [22m[39m Finalizing page optimization  [36m...[39m[2K[1G [37m[1m [22m[39m Collecting build traces  [36m...[39m[2K[1G [37m[1m [22m[39m Finalizing page optimization  [36m.[39m[2K[1G [37m[1m [22m[39m Collecting build traces  [36m.[39m[2K[1G [37m[1m [22m[39m Finalizing page optimization  [36m..[39m[2K[1G [37m[1m [22m[39m Collecting build traces  [36m..[39m[2K[1G [37m[1m [22m[39m Finalizing page optimization  [36m...[39m[2K[1G [37m[1m [22m[39m Collecting build traces  [36m...[39m[2K[1G [37m[1m [22m[39m Finalizing page optimization  [36m.[39m[2K[1G [37m[1m [22m[39m Collecting build traces  [36m.[39m[2K[1G [37m[1m [22m[39m Finalizing page optimization  [36m..[39m[2K[1G [37m[1m [22m[39m Collecting build traces  [36m..[39m[2K[1G [37m[1m [22m[39m Finalizing page optimization  [36m...[39m[2K[1G [37m[1m [22m[39m Collecting build traces  [36m...[39m[2K[1G [37m[1m [22m[39m Finalizing page optimization  [36m.[39m[2K[1G [37m[1m [22m[39m Collecting build traces  [36m.[39m[2K[1G [37m[1m [22m[39m Finalizing page optimization  [36m..[39m[2K[1G [37m[1m [22m[39m Collecting build traces  [36m..[39m[2K[1G [37m[1m [22m[39m Finalizing page optimization  [36m...[39m[2K[1G [37m[1m [22m[39m Collecting build traces  [36m...[39m[2K[1G [37m[1m [22m[39m Finalizing page optimization  [36m.[39m[2K[1G [37m[1m [22m[39m Collecting build traces  [36m.[39m[2K[1G [37m[1m [22m[39m Finalizing page optimization  [36m..[39m[2K[1G [37m[1m [22m[39m Collecting build traces  [36m..[39m[2K[1G [37m[1m [22m[39m Finalizing page optimization  [36m...[39m[2K[1G [37m[1m [22m[39m Collecting build traces  [36m...[39m[2K[1G [37m[1m [22m[39m Finalizing page optimization  [36m.[39m[2K[1G [37m[1m [22m[39m Collecting build traces  [36m.[39m[2K[1G [37m[1m [22m[39m Finalizing page optimization  [36m..[39m[2K[1G [37m[1m [22m[39m Collecting build traces  [36m..[39m[2K[1G [37m[1m [22m[39m Finalizing page optimization  [36m...[39m[2K[1G [37m[1m [22m[39m Collecting build traces  [36m...[39m[2K[1G [37m[1m [22m[39m Finalizing page optimization  [36m.[39m[2K[1G [37m[1m [22m[39m Collecting build traces  [36m.[39m[2K[1G [37m[1m [22m[39m Finalizing page optimization  [36m..[39m[2K[1G [37m[1m [22m[39m Collecting build traces  [36m..[39m[2K[1G [37m[1m [22m[39m Finalizing page optimization  [36m...[39m[2K[1G [37m[1m [22m[39m Collecting build traces  [36m...[39m[2K[1G [37m[1m [22m[39m Finalizing page optimization  [36m.[39m[2K[1G [37m[1m [22m[39m Collecting build traces  [36m.[39m[2K[1G [37m[1m [22m[39m Finalizing page optimization  [36m..[39m[2K[1G [37m[1m [22m[39m Collecting build traces  [36m..[39m[2K[1G [37m[1m [22m[39m Finalizing page optimization  [36m...[39m[2K[1G [37m[1m [22m[39m Collecting build traces  [36m...[39m[2K[1G [37m[1m [22m[39m Finalizing page optimization  [36m.[39m[2K[1G [37m[1m [22m[39m Collecting build traces  [36m.[39m[2K[1G [37m[1m [22m[39m Finalizing page optimization  [36m..[39m[2K[1G [37m[1m [22m[39m Collecting build traces  [36m..[39m[2K[1G [37m[1m [22m[39m Finalizing page optimization  [36m...[39m[2K[1G [37m[1m [22m[39m Collecting build traces  [36m...[39m[2K[1G [37m[1m [22m[39m Finalizing page optimization  [36m.[39m[2K[1G [37m[1m [22m[39m Collecting build traces  [36m.[39m[2K[1G [37m[1m [22m[39m Finalizing page optimization  [36m..[39m[2K[1G [37m[1m [22m[39m Collecting build traces  [36m..[39m[2K[1G [37m[1m [22m[39m Finalizing page optimization  [36m...[39m[2K[1G [37m[1m [22m[39m Collecting build traces  [36m...[39m[2K[1G [37m[1m [22m[39m Finalizing page optimization  [36m.[39m[2K[1G [37m[1m [22m[39m Collecting build traces  [36m.[39m[2K[1G [37m[1m [22m[39m Finalizing page optimization  [36m..[39m[2K[1G [37m[1m [22m[39m Collecting build traces  [36m..[39m[2K[1G [37m[1m [22m[39m Finalizing page optimization  [36m...[39m[2K[1G [37m[1m [22m[39m Collecting build traces  [36m...[39m[2K[1G [37m[1m [22m[39m Finalizing page optimization  [36m.[39m[2K[1G [37m[1m [22m[39m Collecting build traces  [36m.[39m[2K[1G [37m[1m [22m[39m Finalizing page optimization  [36m..[39m[2K[1G [37m[1m [22m[39m Collecting build traces  [36m..[39m[2K[1G [37m[1m [22m[39m Finalizing page optimization  [36m...[39m[2K[1G [37m[1m [22m[39m Collecting build traces  [36m...[39m[2K[1G [37m[1m [22m[39m Finalizing page optimization  [36m.[39m[2K[1G [37m[1m [22m[39m Collecting build traces  [36m.[39m[2K[1G [37m[1m [22m[39m Finalizing page optimization  [36m..[39m[2K[1G [37m[1m [22m[39m Collecting build traces  [36m..[39m[2K[1G [37m[1m [22m[39m Finalizing page optimization  [36m...[39m[2K[1G [37m[1m [22m[39m Collecting build traces  [36m...[39m[2K[1G [37m[1m [22m[39m Finalizing page optimization  [36m.[39m[2K[1G [37m[1m [22m[39m Collecting build traces  [36m.[39m[2K[1G [37m[1m [22m[39m Finalizing page optimization  [36m..[39m[2K[1G [37m[1m [22m[39m Collecting build traces  [36m..[39m[2K[1G [37m[1m [22m[39m Finalizing page optimization  [36m...[39m[2K[1G [37m[1m [22m[39m Collecting build traces  [36m...[39m[2K[1G [37m[1m [22m[39m Finalizing page optimization  [36m.[39m[2K[1G [37m[1m [22m[39m Collecting build traces  [36m.[39m[2K[1G [37m[1m [22m[39m Finalizing page optimization  [36m..[39m[2K[1G [37m[1m [22m[39m Collecting build traces  [36m..[39m[2K[1G [37m[1m [22m[39m Finalizing page optimization  [36m...[39m[2K[1G [37m[1m [22m[39m Collecting build traces  [36m...[39m[2K[1G [37m[1m [22m[39m Finalizing page optimization  [36m.[39m[2K[1G [37m[1m [22m[39m Collecting build traces  [36m.[39m[2K[1G [37m[1m [22m[39m Finalizing page optimization  [36m..[39m[2K[1G [37m[1m [22m[39m Collecting build traces  [36m..[39m[2K[1G [37m[1m [22m[39m Finalizing page optimization  [36m...[39m[2K[1G [37m[1m [22m[39m Collecting build traces  [36m...[39m[2K[1G[?25h [37m[1m [22m[39m Collecting build traces     [32m[1m✓[22m[39m Collecting build traces 
[2K[1G[?25h [37m[1m [22m[39m Finalizing page optimization     [32m[1m✓[22m[39m Finalizing page optimization 

[4mRoute (pages)[24m                              [4mSize[24m     [4mFirst Load JS[24m
┌ ○ /                                      30 kB           [37m[1m1.2 MB[22m[39m
├   /_app                                  0 B             [37m[1m705 kB[22m[39m
├ ○ /404                                   566 B           [37m[1m711 kB[22m[39m
├ ○ /500                                   288 B           [37m[1m705 kB[22m[39m
├ ○ /ads                                   1.41 kB        [37m[1m1.14 MB[22m[39m
├ ○ /ads/manage                            3.82 kB         [37m[1m1.2 MB[22m[39m
├ ƒ /api/history/[address]                 0 B             [37m[1m705 kB[22m[39m
├ ƒ /api/sample                            0 B             [37m[1m705 kB[22m[39m
├ ○ /bank                                  2.35 kB         [37m[1m1.2 MB[22m[39m
├ ○ /helper                                367 B          [37m[1m1.13 MB[22m[39m
├ ○ /history                               16.6 kB        [37m[1m1.15 MB[22m[39m
├ ○ /instant                               1.36 kB        [37m[1m1.16 MB[22m[39m
├ ○ /orders                                1.5 kB         [37m[1m1.14 MB[22m[39m
├ ○ /orders/[id]                           365 B          [37m[1m1.13 MB[22m[39m
├ ○ /profile                               4.13 kB        [37m[1m1.13 MB[22m[39m
└ ○ /swap                                  64.2 kB         [37m[1m1.2 MB[22m[39m
+ First Load JS shared by all              [37m[1m712 kB[22m[39m
  ├ chunks/framework-8d1776448bf728d8.js   66.1 kB
  ├ chunks/main-1edf91b6076031d2.js        32.2 kB
  ├ chunks/pages/_app-5746a72f7bbdb690.js  604 kB
  └ other shared chunks (total)            10.1 kB

○  (Static)   prerendered as static content
ƒ  (Dynamic)  server-rendered on demand

[?25h[2K[1G✨  Done in 50.14s.
